<?xml version="1.0" encoding="UTF-8"?>
<robot generator="Robot 6.1.1 (Python 3.11.3 on darwin)" generated="20230916 19:49:39.320" rpa="false" schemaversion="4">
<suite id="s1" name="Exemple" source="/Users/coutinhonobre/AndroidStudioProjects/Anki-Robot-Test/exemple.robot">
<test id="s1-t1" name="Teste Primeira Execução" line="30">
<kw name="Iniciar Aplicativo AnkiDroid">
<kw name="Open Application" library="AppiumLibrary">
<arg>http://localhost:4723</arg>
<arg>automationName=UiAutomator2</arg>
<arg>platformName=Android</arg>
<arg>deviceName=Emulator</arg>
<arg>app=/Users/coutinhonobre/AndroidStudioProjects/Anki-Robot-Test/app/AnkiDroid-full-x86-debug.apk</arg>
<arg>udid=emulator-5554</arg>
<arg>appPackage=com.ichi2.anki.debug</arg>
<arg>appActivity=com.ichi2.anki.IntroductionActivity</arg>
<doc>Opens a new application to given Appium server.
Capabilities of appium server, Android and iOS,
Please check https://github.com/appium/appium/blob/master/docs/en/writing-running-appium/server-args.md
| *Option*            | *Man.* | *Description*     |
| remote_url          | Yes    | Appium server url |
| alias               | no     | alias             |
| strict_ssl          | No     | allows you to send commands to an invalid certificate host like a self-signed one. |</doc>
<status status="PASS" starttime="20230916 19:49:41.077" endtime="20230916 19:49:53.256"/>
</kw>
<status status="PASS" starttime="20230916 19:49:41.076" endtime="20230916 19:49:53.257"/>
</kw>
<kw name="Passar Pela Tela Inicial">
<kw name="Click Element" library="AppiumLibrary">
<arg>id=com.ichi2.anki.debug:id/get_started</arg>
<doc>Click element identified by `locator`.</doc>
<msg timestamp="20230916 19:49:53.258" level="INFO">Clicking element 'id=com.ichi2.anki.debug:id/get_started'.</msg>
<msg timestamp="20230916 19:49:53.573" level="INFO">criteria is com.ichi2.anki.debug:id/get_started</msg>
<status status="PASS" starttime="20230916 19:49:53.257" endtime="20230916 19:49:53.573"/>
</kw>
<kw name="Aceitar Permissao de Disco">
<kw name="Wait Until Element Is Visible" library="AppiumLibrary">
<arg>id=com.android.packageinstaller:id/permission_allow_button</arg>
<arg>timeout=20</arg>
<doc>Waits until element specified with `locator` is visible.</doc>
<msg timestamp="20230916 19:49:55.038" level="INFO">criteria is com.android.packageinstaller:id/permission_allow_button</msg>
<status status="PASS" starttime="20230916 19:49:53.574" endtime="20230916 19:49:55.038"/>
</kw>
<kw name="Click Element" library="AppiumLibrary">
<arg>id=com.android.packageinstaller:id/permission_allow_button</arg>
<doc>Click element identified by `locator`.</doc>
<msg timestamp="20230916 19:49:55.041" level="INFO">Clicking element 'id=com.android.packageinstaller:id/permission_allow_button'.</msg>
<msg timestamp="20230916 19:49:55.084" level="INFO">criteria is com.android.packageinstaller:id/permission_allow_button</msg>
<status status="PASS" starttime="20230916 19:49:55.039" endtime="20230916 19:49:55.084"/>
</kw>
<status status="PASS" starttime="20230916 19:49:53.574" endtime="20230916 19:49:55.084"/>
</kw>
<status status="PASS" starttime="20230916 19:49:53.257" endtime="20230916 19:49:55.085"/>
</kw>
<kw name="Close Application" library="AppiumLibrary">
<doc>Closes the current application and also close webdriver session.</doc>
<status status="PASS" starttime="20230916 19:49:55.085" endtime="20230916 19:49:56.110"/>
</kw>
<status status="PASS" starttime="20230916 19:49:41.076" endtime="20230916 19:49:56.110"/>
</test>
<doc>Teste para adicionar um novo baralho no AnkiDroid</doc>
<status status="PASS" starttime="20230916 19:49:39.323" endtime="20230916 19:49:56.111"/>
</suite>
<statistics>
<total>
<stat pass="1" fail="0" skip="0">All Tests</stat>
</total>
<tag>
</tag>
<suite>
<stat pass="1" fail="0" skip="0" id="s1" name="Exemple">Exemple</stat>
</suite>
</statistics>
<errors>
</errors>
</robot>
