<?xml version="1.0" encoding="UTF-8"?>
<robot generator="Robot 6.1.1 (Python 3.11.3 on darwin)" generated="20230920 00:00:58.124" rpa="false" schemaversion="4">
<suite id="s1" name="Tests" source="/Users/coutinhonobre/AndroidStudioProjects/Anki-Robot-Test/tests">
<suite id="s1-s1" name="AdicionarUmNovoBaralho" source="/Users/coutinhonobre/AndroidStudioProjects/Anki-Robot-Test/tests/AdicionarUmNovoBaralho.robot">
<test id="s1-s1-t1" name="Deve Adicionar Um Novo Baralho" line="25">
<kw name="Open Session" library="base" type="SETUP">
<kw name="Open Application" library="AppiumLibrary">
<arg>http://localhost:4723</arg>
<arg>automationName=UiAutomator2</arg>
<arg>platformName=Android</arg>
<arg>deviceName=Emulator</arg>
<arg>app=/Users/coutinhonobre/AndroidStudioProjects/Anki-Robot-Test/app/AnkiDroid-full-x86-debug.apk</arg>
<arg>udid=emulator-5554</arg>
<arg>appPackage=com.ichi2.anki.debug</arg>
<arg>appActivity=com.ichi2.anki.IntroductionActivity</arg>
<doc>Opens a new application to given Appium server.
Capabilities of appium server, Android and iOS,
Please check https://github.com/appium/appium/blob/master/docs/en/writing-running-appium/server-args.md
| *Option*            | *Man.* | *Description*     |
| remote_url          | Yes    | Appium server url |
| alias               | no     | alias             |
| strict_ssl          | No     | allows you to send commands to an invalid certificate host like a self-signed one. |</doc>
<status status="PASS" starttime="20230920 00:00:58.464" endtime="20230920 00:01:06.115"/>
</kw>
<kw name="Get Started" library="base">
<kw name="Click Element" library="AppiumLibrary">
<arg>id=com.ichi2.anki.debug:id/get_started</arg>
<doc>Click element identified by `locator`.</doc>
<msg timestamp="20230920 00:01:06.118" level="INFO">Clicking element 'id=com.ichi2.anki.debug:id/get_started'.</msg>
<msg timestamp="20230920 00:01:06.593" level="INFO">criteria is com.ichi2.anki.debug:id/get_started</msg>
<status status="PASS" starttime="20230920 00:01:06.116" endtime="20230920 00:01:06.593"/>
</kw>
<kw name="Aceitar Permissao de Disco" library="base">
<kw name="Wait Until Element Is Visible" library="AppiumLibrary">
<arg>id=com.android.packageinstaller:id/permission_allow_button</arg>
<arg>timeout=20</arg>
<doc>Waits until element specified with `locator` is visible.</doc>
<msg timestamp="20230920 00:01:07.922" level="INFO">criteria is com.android.packageinstaller:id/permission_allow_button</msg>
<status status="PASS" starttime="20230920 00:01:06.594" endtime="20230920 00:01:07.922"/>
</kw>
<kw name="Click Element" library="AppiumLibrary">
<arg>id=com.android.packageinstaller:id/permission_allow_button</arg>
<doc>Click element identified by `locator`.</doc>
<msg timestamp="20230920 00:01:07.924" level="INFO">Clicking element 'id=com.android.packageinstaller:id/permission_allow_button'.</msg>
<msg timestamp="20230920 00:01:07.993" level="INFO">criteria is com.android.packageinstaller:id/permission_allow_button</msg>
<status status="PASS" starttime="20230920 00:01:07.922" endtime="20230920 00:01:07.993"/>
</kw>
<status status="PASS" starttime="20230920 00:01:06.594" endtime="20230920 00:01:07.993"/>
</kw>
<status status="PASS" starttime="20230920 00:01:06.115" endtime="20230920 00:01:07.993"/>
</kw>
<status status="PASS" starttime="20230920 00:00:58.464" endtime="20230920 00:01:07.993"/>
</kw>
<kw name="Wait Until Element Is Visible" library="AppiumLibrary">
<arg>id=com.ichi2.anki.debug:id/fab_main</arg>
<arg>timeout=20</arg>
<doc>Waits until element specified with `locator` is visible.</doc>
<msg timestamp="20230920 00:01:09.187" level="INFO">criteria is com.ichi2.anki.debug:id/fab_main
criteria is com.ichi2.anki.debug:id/fab_main</msg>
<status status="PASS" starttime="20230920 00:01:07.994" endtime="20230920 00:01:09.187"/>
</kw>
<kw name="Click Element" library="AppiumLibrary">
<arg>id=com.ichi2.anki.debug:id/fab_main</arg>
<doc>Click element identified by `locator`.</doc>
<msg timestamp="20230920 00:01:09.189" level="INFO">Clicking element 'id=com.ichi2.anki.debug:id/fab_main'.</msg>
<msg timestamp="20230920 00:01:09.401" level="INFO">criteria is com.ichi2.anki.debug:id/fab_main</msg>
<status status="PASS" starttime="20230920 00:01:09.188" endtime="20230920 00:01:09.402"/>
</kw>
<kw name="Wait Until Element Is Visible" library="AppiumLibrary">
<arg>id=com.ichi2.anki.debug:id/add_deck_action</arg>
<arg>timeout=20</arg>
<doc>Waits until element specified with `locator` is visible.</doc>
<msg timestamp="20230920 00:01:10.140" level="INFO">criteria is com.ichi2.anki.debug:id/add_deck_action
criteria is com.ichi2.anki.debug:id/add_deck_action</msg>
<status status="PASS" starttime="20230920 00:01:09.402" endtime="20230920 00:01:10.141"/>
</kw>
<kw name="Click Element" library="AppiumLibrary">
<arg>id=com.ichi2.anki.debug:id/add_deck_action</arg>
<doc>Click element identified by `locator`.</doc>
<msg timestamp="20230920 00:01:10.144" level="INFO">Clicking element 'id=com.ichi2.anki.debug:id/add_deck_action'.</msg>
<msg timestamp="20230920 00:01:10.321" level="INFO">criteria is com.ichi2.anki.debug:id/add_deck_action</msg>
<status status="PASS" starttime="20230920 00:01:10.141" endtime="20230920 00:01:10.321"/>
</kw>
<kw name="Insira Texto No Campo de Mensagem">
<arg>${DECK_NAME}</arg>
<kw name="Wait Until Element Is Visible" library="AppiumLibrary">
<arg>id=com.ichi2.anki.debug:id/md_input_message</arg>
<arg>timeout=20</arg>
<doc>Waits until element specified with `locator` is visible.</doc>
<msg timestamp="20230920 00:01:11.560" level="INFO">criteria is com.ichi2.anki.debug:id/md_input_message</msg>
<status status="PASS" starttime="20230920 00:01:10.322" endtime="20230920 00:01:11.560"/>
</kw>
<kw name="Input Text" library="AppiumLibrary">
<arg>id=com.ichi2.anki.debug:id/md_input_message</arg>
<arg>${texto}</arg>
<doc>Types the given `text` into text field identified by `locator`.</doc>
<msg timestamp="20230920 00:01:11.563" level="INFO">Typing text 'Teste' into text field 'id=com.ichi2.anki.debug:id/md_input_message'</msg>
<msg timestamp="20230920 00:01:11.718" level="INFO">criteria is com.ichi2.anki.debug:id/md_input_message</msg>
<status status="PASS" starttime="20230920 00:01:11.560" endtime="20230920 00:01:11.718"/>
</kw>
<status status="PASS" starttime="20230920 00:01:10.321" endtime="20230920 00:01:11.718"/>
</kw>
<kw name="Click Element" library="AppiumLibrary">
<arg>id=com.ichi2.anki.debug:id/md_button_positive</arg>
<doc>Click element identified by `locator`.</doc>
<msg timestamp="20230920 00:01:11.721" level="INFO">Clicking element 'id=com.ichi2.anki.debug:id/md_button_positive'.</msg>
<msg timestamp="20230920 00:01:12.605" level="INFO">criteria is com.ichi2.anki.debug:id/md_button_positive</msg>
<status status="PASS" starttime="20230920 00:01:11.719" endtime="20230920 00:01:12.605"/>
</kw>
<kw name="Verifique Se O Item De Lista Foi Criado">
<arg>${DECK_NAME}</arg>
<kw name="Wait Until Element Is Visible" library="AppiumLibrary">
<arg>id=com.ichi2.anki.debug:id/deckpicker_name</arg>
<arg>timeout=20</arg>
<doc>Waits until element specified with `locator` is visible.</doc>
<msg timestamp="20230920 00:01:13.474" level="INFO">criteria is com.ichi2.anki.debug:id/deckpicker_name</msg>
<status status="PASS" starttime="20230920 00:01:12.606" endtime="20230920 00:01:13.474"/>
</kw>
<kw name="Get Text" library="AppiumLibrary">
<var>${nome_atual}</var>
<arg>id=com.ichi2.anki.debug:id/deckpicker_name</arg>
<doc>Get element text (for hybrid and mobile browser use `xpath` locator, others might cause problem)</doc>
<msg timestamp="20230920 00:01:13.577" level="INFO">Element 'id=com.ichi2.anki.debug:id/deckpicker_name' text is 'Teste' </msg>
<msg timestamp="20230920 00:01:13.577" level="INFO">criteria is com.ichi2.anki.debug:id/deckpicker_name</msg>
<msg timestamp="20230920 00:01:13.577" level="INFO">${nome_atual} = Teste</msg>
<status status="PASS" starttime="20230920 00:01:13.474" endtime="20230920 00:01:13.577"/>
</kw>
<kw name="Should Be Equal" library="BuiltIn">
<arg>${nome_atual}</arg>
<arg>${nome_esperado}</arg>
<doc>Fails if the given objects are unequal.</doc>
<status status="PASS" starttime="20230920 00:01:13.578" endtime="20230920 00:01:13.578"/>
</kw>
<status status="PASS" starttime="20230920 00:01:12.605" endtime="20230920 00:01:13.578"/>
</kw>
<kw name="Close Session" library="base" type="TEARDOWN">
<kw name="Close All Applications" library="AppiumLibrary">
<doc>Closes all open applications.</doc>
<status status="PASS" starttime="20230920 00:01:13.579" endtime="20230920 00:01:14.211"/>
</kw>
<status status="PASS" starttime="20230920 00:01:13.578" endtime="20230920 00:01:14.211"/>
</kw>
<status status="PASS" starttime="20230920 00:00:58.463" endtime="20230920 00:01:14.211"/>
</test>
<status status="PASS" starttime="20230920 00:00:58.153" endtime="20230920 00:01:14.212"/>
</suite>
<suite id="s1-s2" name="AdicionarUmNovoCartaoAoBaralho" source="/Users/coutinhonobre/AndroidStudioProjects/Anki-Robot-Test/tests/AdicionarUmNovoCartaoAoBaralho.robot">
<test id="s1-s2-t1" name="Deve Adicionar um novo cartão ao baralho" line="51">
<kw name="Open Session" library="base" type="SETUP">
<kw name="Open Application" library="AppiumLibrary">
<arg>http://localhost:4723</arg>
<arg>automationName=UiAutomator2</arg>
<arg>platformName=Android</arg>
<arg>deviceName=Emulator</arg>
<arg>app=/Users/coutinhonobre/AndroidStudioProjects/Anki-Robot-Test/app/AnkiDroid-full-x86-debug.apk</arg>
<arg>udid=emulator-5554</arg>
<arg>appPackage=com.ichi2.anki.debug</arg>
<arg>appActivity=com.ichi2.anki.IntroductionActivity</arg>
<doc>Opens a new application to given Appium server.
Capabilities of appium server, Android and iOS,
Please check https://github.com/appium/appium/blob/master/docs/en/writing-running-appium/server-args.md
| *Option*            | *Man.* | *Description*     |
| remote_url          | Yes    | Appium server url |
| alias               | no     | alias             |
| strict_ssl          | No     | allows you to send commands to an invalid certificate host like a self-signed one. |</doc>
<status status="PASS" starttime="20230920 00:01:14.220" endtime="20230920 00:01:21.479"/>
</kw>
<kw name="Get Started" library="base">
<kw name="Click Element" library="AppiumLibrary">
<arg>id=com.ichi2.anki.debug:id/get_started</arg>
<doc>Click element identified by `locator`.</doc>
<msg timestamp="20230920 00:01:21.481" level="INFO">Clicking element 'id=com.ichi2.anki.debug:id/get_started'.</msg>
<msg timestamp="20230920 00:01:21.924" level="INFO">criteria is com.ichi2.anki.debug:id/get_started</msg>
<status status="PASS" starttime="20230920 00:01:21.479" endtime="20230920 00:01:21.925"/>
</kw>
<kw name="Aceitar Permissao de Disco" library="base">
<kw name="Wait Until Element Is Visible" library="AppiumLibrary">
<arg>id=com.android.packageinstaller:id/permission_allow_button</arg>
<arg>timeout=20</arg>
<doc>Waits until element specified with `locator` is visible.</doc>
<msg timestamp="20230920 00:01:23.231" level="INFO">criteria is com.android.packageinstaller:id/permission_allow_button</msg>
<status status="PASS" starttime="20230920 00:01:21.925" endtime="20230920 00:01:23.231"/>
</kw>
<kw name="Click Element" library="AppiumLibrary">
<arg>id=com.android.packageinstaller:id/permission_allow_button</arg>
<doc>Click element identified by `locator`.</doc>
<msg timestamp="20230920 00:01:23.233" level="INFO">Clicking element 'id=com.android.packageinstaller:id/permission_allow_button'.</msg>
<msg timestamp="20230920 00:01:23.326" level="INFO">criteria is com.android.packageinstaller:id/permission_allow_button</msg>
<status status="PASS" starttime="20230920 00:01:23.231" endtime="20230920 00:01:23.326"/>
</kw>
<status status="PASS" starttime="20230920 00:01:21.925" endtime="20230920 00:01:23.326"/>
</kw>
<status status="PASS" starttime="20230920 00:01:21.479" endtime="20230920 00:01:23.327"/>
</kw>
<status status="PASS" starttime="20230920 00:01:14.219" endtime="20230920 00:01:23.327"/>
</kw>
<kw name="Wait Until Element Is Visible" library="AppiumLibrary">
<arg>id=com.ichi2.anki.debug:id/fab_main</arg>
<arg>timeout=20</arg>
<doc>Waits until element specified with `locator` is visible.</doc>
<msg timestamp="20230920 00:01:24.348" level="INFO">criteria is com.ichi2.anki.debug:id/fab_main
criteria is com.ichi2.anki.debug:id/fab_main</msg>
<status status="PASS" starttime="20230920 00:01:23.328" endtime="20230920 00:01:24.348"/>
</kw>
<kw name="Click Element" library="AppiumLibrary">
<arg>id=com.ichi2.anki.debug:id/fab_main</arg>
<doc>Click element identified by `locator`.</doc>
<msg timestamp="20230920 00:01:24.352" level="INFO">Clicking element 'id=com.ichi2.anki.debug:id/fab_main'.</msg>
<msg timestamp="20230920 00:01:24.663" level="INFO">criteria is com.ichi2.anki.debug:id/fab_main</msg>
<status status="PASS" starttime="20230920 00:01:24.348" endtime="20230920 00:01:24.663"/>
</kw>
<kw name="Wait Until Element Is Visible" library="AppiumLibrary">
<arg>id=com.ichi2.anki.debug:id/add_deck_action</arg>
<arg>timeout=20</arg>
<doc>Waits until element specified with `locator` is visible.</doc>
<msg timestamp="20230920 00:01:25.378" level="INFO">criteria is com.ichi2.anki.debug:id/add_deck_action</msg>
<status status="PASS" starttime="20230920 00:01:24.663" endtime="20230920 00:01:25.378"/>
</kw>
<kw name="Click Element" library="AppiumLibrary">
<arg>id=com.ichi2.anki.debug:id/add_deck_action</arg>
<doc>Click element identified by `locator`.</doc>
<msg timestamp="20230920 00:01:25.381" level="INFO">Clicking element 'id=com.ichi2.anki.debug:id/add_deck_action'.</msg>
<msg timestamp="20230920 00:01:25.559" level="INFO">criteria is com.ichi2.anki.debug:id/add_deck_action</msg>
<status status="PASS" starttime="20230920 00:01:25.379" endtime="20230920 00:01:25.559"/>
</kw>
<kw name="Insira Texto No Campo de Mensagem">
<arg>${DECK_NAME}</arg>
<kw name="Wait Until Element Is Visible" library="AppiumLibrary">
<arg>id=com.ichi2.anki.debug:id/md_input_message</arg>
<arg>timeout=20</arg>
<doc>Waits until element specified with `locator` is visible.</doc>
<msg timestamp="20230920 00:01:26.851" level="INFO">criteria is com.ichi2.anki.debug:id/md_input_message
criteria is com.ichi2.anki.debug:id/md_input_message</msg>
<status status="PASS" starttime="20230920 00:01:25.560" endtime="20230920 00:01:26.852"/>
</kw>
<kw name="Input Text" library="AppiumLibrary">
<arg>id=com.ichi2.anki.debug:id/md_input_message</arg>
<arg>${texto}</arg>
<doc>Types the given `text` into text field identified by `locator`.</doc>
<msg timestamp="20230920 00:01:26.854" level="INFO">Typing text 'Teste2' into text field 'id=com.ichi2.anki.debug:id/md_input_message'</msg>
<msg timestamp="20230920 00:01:27.004" level="INFO">criteria is com.ichi2.anki.debug:id/md_input_message</msg>
<status status="PASS" starttime="20230920 00:01:26.852" endtime="20230920 00:01:27.004"/>
</kw>
<status status="PASS" starttime="20230920 00:01:25.560" endtime="20230920 00:01:27.005"/>
</kw>
<kw name="Click Element" library="AppiumLibrary">
<arg>id=com.ichi2.anki.debug:id/md_button_positive</arg>
<doc>Click element identified by `locator`.</doc>
<msg timestamp="20230920 00:01:27.007" level="INFO">Clicking element 'id=com.ichi2.anki.debug:id/md_button_positive'.</msg>
<msg timestamp="20230920 00:01:27.807" level="INFO">criteria is com.ichi2.anki.debug:id/md_button_positive</msg>
<status status="PASS" starttime="20230920 00:01:27.005" endtime="20230920 00:01:27.807"/>
</kw>
<kw name="ClickLong NoItem De Lista Foi Que Criado">
<kw name="Wait Until Element Is Visible" library="AppiumLibrary">
<arg>id=com.ichi2.anki.debug:id/deckpicker_name</arg>
<arg>timeout=20</arg>
<doc>Waits until element specified with `locator` is visible.</doc>
<msg timestamp="20230920 00:01:28.627" level="INFO">criteria is com.ichi2.anki.debug:id/deckpicker_name</msg>
<status status="PASS" starttime="20230920 00:01:27.808" endtime="20230920 00:01:28.628"/>
</kw>
<kw name="Long Press" library="AppiumLibrary">
<arg>xpath=//*[@resource-id='com.ichi2.anki.debug:id/deckpicker_name' and @text='Teste2']</arg>
<doc>*DEPRECATED!!* Since selenium v4, use other keywords.</doc>
<msg timestamp="20230920 00:01:28.628" level="WARN">Keyword 'AppiumLibrary.Long Press' is deprecated. Since selenium v4, use other keywords.</msg>
<msg timestamp="20230920 00:01:31.388" level="INFO">xpath criteria: //*[@resource-id='com.ichi2.anki.debug:id/deckpicker_name' and @text='Teste2']</msg>
<status status="PASS" starttime="20230920 00:01:28.628" endtime="20230920 00:01:31.389"/>
</kw>
<status status="PASS" starttime="20230920 00:01:27.807" endtime="20230920 00:01:31.389"/>
</kw>
<kw name="Click no Botão Add">
<kw name="Wait Until Element Is Visible" library="AppiumLibrary">
<arg>id=com.ichi2.anki.debug:id/md_recyclerview_content</arg>
<arg>timeout=5</arg>
<doc>Waits until element specified with `locator` is visible.</doc>
<msg timestamp="20230920 00:01:31.474" level="INFO">criteria is com.ichi2.anki.debug:id/md_recyclerview_content</msg>
<status status="PASS" starttime="20230920 00:01:31.389" endtime="20230920 00:01:31.474"/>
</kw>
<kw name="Click Element" library="AppiumLibrary">
<arg>xpath=//*[@resource-id='com.ichi2.anki.debug:id/md_recyclerview_content']/*[1]</arg>
<doc>Click element identified by `locator`.</doc>
<msg timestamp="20230920 00:01:31.477" level="INFO">Clicking element 'xpath=//*[@resource-id='com.ichi2.anki.debug:id/md_recyclerview_content']/*[1]'.</msg>
<msg timestamp="20230920 00:01:31.572" level="INFO">xpath criteria: //*[@resource-id='com.ichi2.anki.debug:id/md_recyclerview_content']/*[1]</msg>
<status status="PASS" starttime="20230920 00:01:31.475" endtime="20230920 00:01:31.572"/>
</kw>
<status status="PASS" starttime="20230920 00:01:31.389" endtime="20230920 00:01:31.572"/>
</kw>
<kw name="Insira Texto No Campo Front">
<arg>Hi</arg>
<kw name="Wait Until Element Is Visible" library="AppiumLibrary">
<arg>xpath=//android.widget.EditText[@content-desc="Front"]</arg>
<arg>timeout=20</arg>
<doc>Waits until element specified with `locator` is visible.</doc>
<msg timestamp="20230920 00:01:32.819" level="INFO">xpath criteria: //android.widget.EditText[@content-desc="Front"]
xpath criteria: //android.widget.EditText[@content-desc="Front"]</msg>
<status status="PASS" starttime="20230920 00:01:31.573" endtime="20230920 00:01:32.819"/>
</kw>
<kw name="Input Text" library="AppiumLibrary">
<arg>xpath=//android.widget.EditText[@content-desc="Front"]</arg>
<arg>${texto}</arg>
<doc>Types the given `text` into text field identified by `locator`.</doc>
<msg timestamp="20230920 00:01:32.820" level="INFO">Typing text 'Hi' into text field 'xpath=//android.widget.EditText[@content-desc="Front"]'</msg>
<msg timestamp="20230920 00:01:32.883" level="INFO">xpath criteria: //android.widget.EditText[@content-desc="Front"]</msg>
<status status="PASS" starttime="20230920 00:01:32.819" endtime="20230920 00:01:32.883"/>
</kw>
<status status="PASS" starttime="20230920 00:01:31.572" endtime="20230920 00:01:32.883"/>
</kw>
<kw name="Insira Texto No Campo Back">
<arg>Oi</arg>
<kw name="Wait Until Element Is Visible" library="AppiumLibrary">
<arg>xpath=//android.widget.EditText[@content-desc="Back"]</arg>
<arg>timeout=20</arg>
<doc>Waits until element specified with `locator` is visible.</doc>
<msg timestamp="20230920 00:01:33.717" level="INFO">xpath criteria: //android.widget.EditText[@content-desc="Back"]</msg>
<status status="PASS" starttime="20230920 00:01:32.885" endtime="20230920 00:01:33.717"/>
</kw>
<kw name="Input Text" library="AppiumLibrary">
<arg>xpath=//android.widget.EditText[@content-desc="Back"]</arg>
<arg>${texto}</arg>
<doc>Types the given `text` into text field identified by `locator`.</doc>
<msg timestamp="20230920 00:01:33.718" level="INFO">Typing text 'Oi' into text field 'xpath=//android.widget.EditText[@content-desc="Back"]'</msg>
<msg timestamp="20230920 00:01:33.775" level="INFO">xpath criteria: //android.widget.EditText[@content-desc="Back"]</msg>
<status status="PASS" starttime="20230920 00:01:33.717" endtime="20230920 00:01:33.775"/>
</kw>
<status status="PASS" starttime="20230920 00:01:32.884" endtime="20230920 00:01:33.775"/>
</kw>
<kw name="Click no Botão Save">
<kw name="Click Element" library="AppiumLibrary">
<arg>id=com.ichi2.anki.debug:id/action_save</arg>
<doc>Click element identified by `locator`.</doc>
<msg timestamp="20230920 00:01:33.777" level="INFO">Clicking element 'id=com.ichi2.anki.debug:id/action_save'.</msg>
<msg timestamp="20230920 00:01:34.323" level="INFO">criteria is com.ichi2.anki.debug:id/action_save</msg>
<status status="PASS" starttime="20230920 00:01:33.776" endtime="20230920 00:01:34.323"/>
</kw>
<status status="PASS" starttime="20230920 00:01:33.775" endtime="20230920 00:01:34.323"/>
</kw>
<kw name="Click no Botão Voltar">
<kw name="Click Element" library="AppiumLibrary">
<arg>xpath=//*[@content-desc='Navigate up']</arg>
<doc>Click element identified by `locator`.</doc>
<msg timestamp="20230920 00:01:34.325" level="INFO">Clicking element 'xpath=//*[@content-desc='Navigate up']'.</msg>
<msg timestamp="20230920 00:01:35.808" level="INFO">xpath criteria: //*[@content-desc='Navigate up']</msg>
<status status="PASS" starttime="20230920 00:01:34.324" endtime="20230920 00:01:35.808"/>
</kw>
<status status="PASS" starttime="20230920 00:01:34.323" endtime="20230920 00:01:35.808"/>
</kw>
<kw name="Click NoItem De Lista Foi Que Criado">
<kw name="Wait Until Element Is Visible" library="AppiumLibrary">
<arg>id=com.ichi2.anki.debug:id/deckpicker_name</arg>
<arg>timeout=20</arg>
<doc>Waits until element specified with `locator` is visible.</doc>
<msg timestamp="20230920 00:01:36.870" level="INFO">criteria is com.ichi2.anki.debug:id/deckpicker_name
criteria is com.ichi2.anki.debug:id/deckpicker_name</msg>
<status status="PASS" starttime="20230920 00:01:35.809" endtime="20230920 00:01:36.870"/>
</kw>
<kw name="Click Element" library="AppiumLibrary">
<arg>xpath=//*[@resource-id='com.ichi2.anki.debug:id/deckpicker_name' and @text='Teste2']</arg>
<doc>Click element identified by `locator`.</doc>
<msg timestamp="20230920 00:01:36.871" level="INFO">Clicking element 'xpath=//*[@resource-id='com.ichi2.anki.debug:id/deckpicker_name' and @text='Teste2']'.</msg>
<msg timestamp="20230920 00:01:36.927" level="INFO">xpath criteria: //*[@resource-id='com.ichi2.anki.debug:id/deckpicker_name' and @text='Teste2']</msg>
<status status="PASS" starttime="20230920 00:01:36.870" endtime="20230920 00:01:36.927"/>
</kw>
<status status="PASS" starttime="20230920 00:01:35.808" endtime="20230920 00:01:36.927"/>
</kw>
<kw name="Verifique Se O Item De Lista Foi Criado">
<kw name="Wait Until Element Is Visible" library="AppiumLibrary">
<arg>xpath=//android.view.View[@content-desc="Hi"]</arg>
<arg>timeout=5</arg>
<doc>Waits until element specified with `locator` is visible.</doc>
<msg timestamp="20230920 00:01:39.234" level="INFO">xpath criteria: //android.view.View[@content-desc="Hi"]
xpath criteria: //android.view.View[@content-desc="Hi"]
xpath criteria: //android.view.View[@content-desc="Hi"]</msg>
<status status="PASS" starttime="20230920 00:01:36.928" endtime="20230920 00:01:39.234"/>
</kw>
<kw name="Page Should Contain Element" library="AppiumLibrary">
<arg>xpath=//android.view.View[@content-desc="Hi"]</arg>
<doc>Verifies that current page contains `locator` element.</doc>
<msg timestamp="20230920 00:01:39.348" level="INFO">Current page contains element 'xpath=//android.view.View[@content-desc="Hi"]'.</msg>
<msg timestamp="20230920 00:01:39.348" level="INFO">xpath criteria: //android.view.View[@content-desc="Hi"]</msg>
<status status="PASS" starttime="20230920 00:01:39.234" endtime="20230920 00:01:39.348"/>
</kw>
<status status="PASS" starttime="20230920 00:01:36.927" endtime="20230920 00:01:39.348"/>
</kw>
<kw name="Close Session" library="base" type="TEARDOWN">
<kw name="Close All Applications" library="AppiumLibrary">
<doc>Closes all open applications.</doc>
<status status="PASS" starttime="20230920 00:01:39.349" endtime="20230920 00:01:40.044"/>
</kw>
<status status="PASS" starttime="20230920 00:01:39.349" endtime="20230920 00:01:40.044"/>
</kw>
<status status="PASS" starttime="20230920 00:01:14.219" endtime="20230920 00:01:40.044"/>
</test>
<status status="PASS" starttime="20230920 00:01:14.213" endtime="20230920 00:01:40.045"/>
</suite>
<status status="PASS" starttime="20230920 00:00:58.126" endtime="20230920 00:01:40.046"/>
</suite>
<statistics>
<total>
<stat pass="2" fail="0" skip="0">All Tests</stat>
</total>
<tag>
</tag>
<suite>
<stat pass="2" fail="0" skip="0" id="s1" name="Tests">Tests</stat>
<stat pass="1" fail="0" skip="0" id="s1-s1" name="AdicionarUmNovoBaralho">Tests.AdicionarUmNovoBaralho</stat>
<stat pass="1" fail="0" skip="0" id="s1-s2" name="AdicionarUmNovoCartaoAoBaralho">Tests.AdicionarUmNovoCartaoAoBaralho</stat>
</suite>
</statistics>
<errors>
<msg timestamp="20230920 00:01:28.628" level="WARN">Keyword 'AppiumLibrary.Long Press' is deprecated. Since selenium v4, use other keywords.</msg>
</errors>
</robot>
